<?xml version="1.0" encoding="UTF-8"?>
<!-- Generated by org.testng.reporters.JUnitXMLReporter -->
<testsuite hostname="Dani-PC" name="Rest Integration Tests" tests="14" failures="0" timestamp="23 Nov 2015 09:58:43 GMT" time="8.79" errors="0">
  <testcase name="allCommentsJSON" time="6.636" classname="rest_integration.GET"/>
  <testcase name="categoryHTML" time="0.069" classname="rest_integration.GET"/>
  <testcase name="categoryJSON" time="0.019" classname="rest_integration.GET"/>
  <testcase name="itemHTML" time="0.031" classname="rest_integration.GET"/>
  <testcase name="commentHTML" time="0.013" classname="rest_integration.GET"/>
  <testcase name="itemJSON" time="0.011" classname="rest_integration.GET"/>
  <testcase name="commentJSON" time="0.013" classname="rest_integration.GET"/>
  <testcase name="allCommentsHTML" time="0.018" classname="rest_integration.GET"/>
  <testcase name="changeCategory" time="0.663" classname="rest_integration.PUT"/>
  <testcase name="changeComment" time="0.347" classname="rest_integration.PUT"/>
  <testcase name="changeItem" time="0.164" classname="rest_integration.PUT"/>
  <testcase name="newCategory" time="0.23" classname="rest_integration.POST"/>
  <testcase name="newComment" time="0.15" classname="rest_integration.POST"/>
  <testcase name="newItem" time="0.165" classname="rest_integration.POST"/>
</testsuite> <!-- Rest Integration Tests -->
