<?xml version="1.0" encoding="UTF-8"?>
<!-- Generated by org.testng.reporters.JUnitXMLReporter -->
<testsuite hostname="Dani-PC" name="Rest Unit Tests" tests="30" failures="0" timestamp="23 Nov 2015 09:58:44 GMT" time="0.519" errors="0">
  <testcase name="changeCategory" time="0.006" classname="rest_unit.CategoryControllerTest"/>
  <testcase name="changeCategoryNoPermission" time="0.001" classname="rest_unit.CategoryControllerTest"/>
  <testcase name="changeCategoryWrongCategory" time="0.002" classname="rest_unit.CategoryControllerTest"/>
  <testcase name="changeCategoryWrongUser" time="0.002" classname="rest_unit.CategoryControllerTest"/>
  <testcase name="createCategory" time="0.005" classname="rest_unit.CategoryControllerTest"/>
  <testcase name="createCategoryNoPermission" time="0.002" classname="rest_unit.CategoryControllerTest"/>
  <testcase name="createCategoryWrongUser" time="0.001" classname="rest_unit.CategoryControllerTest"/>
  <testcase name="changeItem" time="0.005" classname="rest_unit.ItemControllerTest"/>
  <testcase name="changeItemNoPermission" time="0.005" classname="rest_unit.ItemControllerTest"/>
  <testcase name="changeItemNotInTheDatabase" time="0.002" classname="rest_unit.ItemControllerTest"/>
  <testcase name="changeItemWithoutTitleDescription" time="0.002" classname="rest_unit.ItemControllerTest"/>
  <testcase name="deleteItem" time="0.002" classname="rest_unit.ItemControllerTest"/>
  <testcase name="deleteItemNoPermission" time="0.001" classname="rest_unit.ItemControllerTest"/>
  <testcase name="deleteItemNotInTheDatabase" time="0.0" classname="rest_unit.ItemControllerTest"/>
  <testcase name="newItem" time="0.001" classname="rest_unit.ItemControllerTest"/>
  <testcase name="newItemItemNoPermission" time="0.001" classname="rest_unit.ItemControllerTest"/>
  <testcase name="newItemItemWithoutTitle" time="0.001" classname="rest_unit.ItemControllerTest"/>
  <testcase name="newItemNoDescription" time="0.001" classname="rest_unit.ItemControllerTest"/>
  <testcase name="newItemNotInTheDatabase" time="0.0" classname="rest_unit.ItemControllerTest"/>
  <testcase name="changeComment" time="0.001" classname="rest_unit.CommentControllerTest"/>
  <testcase name="changeCommentNoPermission" time="0.0" classname="rest_unit.CommentControllerTest"/>
  <testcase name="changeCommentNotInTheDatabase" time="0.0" classname="rest_unit.CommentControllerTest"/>
  <testcase name="changeCommentOwnComment" time="0.001" classname="rest_unit.CommentControllerTest"/>
  <testcase name="deleteComment" time="0.001" classname="rest_unit.CommentControllerTest"/>
  <testcase name="deleteCommentNoPermission" time="0.001" classname="rest_unit.CommentControllerTest"/>
  <testcase name="deleteCommentNotInTheDatabase" time="0.001" classname="rest_unit.CommentControllerTest"/>
  <testcase name="newComment" time="0.001" classname="rest_unit.CommentControllerTest"/>
  <testcase name="newCommentNoPermission" time="0.001" classname="rest_unit.CommentControllerTest"/>
  <testcase name="newCommentNoText" time="0.001" classname="rest_unit.CommentControllerTest"/>
  <testcase name="newCommentNotInTheDatabase" time="0.001" classname="rest_unit.CommentControllerTest"/>
</testsuite> <!-- Rest Unit Tests -->
