<?xml version="1.0" encoding="UTF-8"?>
<!-- Generated by org.testng.reporters.JUnitXMLReporter -->
<testsuite hostname="Dani-PC" name="Default test" tests="8" failures="0" timestamp="22 Nov 2015 15:07:04 GMT" time="0.968" errors="0">
  <testcase name="allCommentsHTML" time="0.688" classname="rest.GET"/>
  <testcase name="allCommentsJSON" time="0.012" classname="rest.GET"/>
  <testcase name="categoryHTML" time="0.027" classname="rest.GET"/>
  <testcase name="categoryJSON" time="0.011" classname="rest.GET"/>
  <testcase name="commentHTML" time="0.019" classname="rest.GET"/>
  <testcase name="commentJSON" time="0.025" classname="rest.GET"/>
  <testcase name="itemHTML" time="0.022" classname="rest.GET"/>
  <testcase name="itemJSON" time="0.011" classname="rest.GET"/>
</testsuite> <!-- Default test -->
