<?xml version="1.0" encoding="UTF-8"?>
<!-- Generated by org.testng.reporters.JUnitXMLReporter -->
<testsuite hostname="Nocker-PC" name="Default test" tests="3" failures="0" timestamp="21 Nov 2015 20:18:48 GMT" time="36.793" errors="0">
  <testcase name="adminRightsTest" time="3.228" classname="selenium.AdminBrowserTest"/>
  <testcase name="authenticationTest" time="2.512" classname="selenium.AdminBrowserTest"/>
  <testcase name="newItemTest" time="4.927" classname="selenium.AdminBrowserTest"/>
</testsuite> <!-- Default test -->
