<?xml version="1.0" encoding="UTF-8"?>
<!-- Generated by org.testng.reporters.JUnitXMLReporter -->
<testsuite hostname="Dani-PC" name="Test" tests="14" failures="0" timestamp="22 Nov 2015 16:04:55 GMT" time="6.847" errors="0">
  <testcase name="allCommentsJSON" time="4.929" classname="rest_integration.GET"/>
  <testcase name="categoryHTML" time="0.076" classname="rest_integration.GET"/>
  <testcase name="categoryJSON" time="0.028" classname="rest_integration.GET"/>
  <testcase name="itemHTML" time="0.058" classname="rest_integration.GET"/>
  <testcase name="commentHTML" time="0.017" classname="rest_integration.GET"/>
  <testcase name="itemJSON" time="0.043" classname="rest_integration.GET"/>
  <testcase name="commentJSON" time="0.015" classname="rest_integration.GET"/>
  <testcase name="allCommentsHTML" time="0.034" classname="rest_integration.GET"/>
  <testcase name="changeCategory" time="0.512" classname="rest_integration.PUT"/>
  <testcase name="changeComment" time="0.242" classname="rest_integration.PUT"/>
  <testcase name="changeItem" time="0.171" classname="rest_integration.PUT"/>
  <testcase name="newCategory" time="0.211" classname="rest_integration.POST"/>
  <testcase name="newComment" time="0.155" classname="rest_integration.POST"/>
  <testcase name="newItem" time="0.158" classname="rest_integration.POST"/>
</testsuite> <!-- Test -->
