<?xml version="1.0" encoding="UTF-8"?>
<!-- Generated by org.testng.reporters.JUnitXMLReporter -->
<testsuite hostname="Dani-PC" name="Test" tests="14" failures="0" timestamp="22 Nov 2015 15:07:20 GMT" time="2.041" errors="0">
  <testcase name="categoryHTML" time="0.705" classname="rest.GET"/>
  <testcase name="categoryJSON" time="0.011" classname="rest.GET"/>
  <testcase name="allCommentsJSON" time="0.01" classname="rest.GET"/>
  <testcase name="commentJSON" time="0.008" classname="rest.GET"/>
  <testcase name="itemJSON" time="0.023" classname="rest.GET"/>
  <testcase name="allCommentsHTML" time="0.032" classname="rest.GET"/>
  <testcase name="itemHTML" time="0.025" classname="rest.GET"/>
  <testcase name="commentHTML" time="0.009" classname="rest.GET"/>
  <testcase name="changeComment" time="0.223" classname="rest.PUT"/>
  <testcase name="changeItem" time="0.162" classname="rest.PUT"/>
  <testcase name="changeCategory" time="0.15" classname="rest.PUT"/>
  <testcase name="newCategory" time="0.182" classname="rest.POST"/>
  <testcase name="newComment" time="0.152" classname="rest.POST"/>
  <testcase name="newItem" time="0.154" classname="rest.POST"/>
</testsuite> <!-- Test -->
