<?xml version="1.0" encoding="UTF-8"?>
<!-- Generated by org.testng.reporters.JUnitXMLReporter -->
<testsuite hostname="Dani-PC" name="Default test(failed)(failed)" tests="1" failures="1" timestamp="23 Nov 2015 09:22:44 GMT" time="0.427" errors="0">
  <testcase name="newComment" time="0.026" classname="rest_unit.CommentControllerTest">
    <failure type="junit.framework.AssertionFailedError">
      <![CDATA[junit.framework.AssertionFailedError
	at junit.framework.Assert.fail(Assert.java:55)
	at junit.framework.Assert.assertTrue(Assert.java:22)
	at junit.framework.Assert.assertTrue(Assert.java:31)
	at rest_unit.CommentControllerTest.newComment(CommentControllerTest.java:103)
... Removed 24 stack frames]]>
    </failure>
  </testcase> <!-- newComment -->
</testsuite> <!-- Default test(failed)(failed) -->
