<?xml version="1.0" encoding="UTF-8"?>
<testng-results skipped="0" failed="0" total="3" passed="3">
  <reporter-output>
  </reporter-output>
  <suite name="Default suite" duration-ms="36793" started-at="2015-11-21T20:18:11Z" finished-at="2015-11-21T20:18:48Z">
    <groups>
    </groups>
    <test name="Default test" duration-ms="36793" started-at="2015-11-21T20:18:11Z" finished-at="2015-11-21T20:18:48Z">
      <class name="selenium.AdminBrowserTest">
        <test-method status="PASS" signature="startBrowser()[pri:0, instance:selenium.AdminBrowserTest@82d64]" name="startBrowser" is-config="true" duration-ms="9313" started-at="2015-11-21T21:18:11Z" finished-at="2015-11-21T21:18:21Z">
          <reporter-output>
          </reporter-output>
        </test-method> <!-- startBrowser -->
        <test-method status="PASS" signature="adminRightsTest()[pri:0, instance:selenium.AdminBrowserTest@82d64]" name="adminRightsTest" duration-ms="3228" started-at="2015-11-21T21:18:21Z" finished-at="2015-11-21T21:18:24Z">
          <reporter-output>
          </reporter-output>
        </test-method> <!-- adminRightsTest -->
        <test-method status="PASS" signature="closeBrowser()[pri:0, instance:selenium.AdminBrowserTest@82d64]" name="closeBrowser" is-config="true" duration-ms="13" started-at="2015-11-21T21:18:24Z" finished-at="2015-11-21T21:18:24Z">
          <reporter-output>
          </reporter-output>
        </test-method> <!-- closeBrowser -->
        <test-method status="PASS" signature="startBrowser()[pri:0, instance:selenium.AdminBrowserTest@82d64]" name="startBrowser" is-config="true" duration-ms="8418" started-at="2015-11-21T21:18:24Z" finished-at="2015-11-21T21:18:32Z">
          <reporter-output>
          </reporter-output>
        </test-method> <!-- startBrowser -->
        <test-method status="PASS" signature="authenticationTest()[pri:0, instance:selenium.AdminBrowserTest@82d64]" name="authenticationTest" duration-ms="2512" started-at="2015-11-21T21:18:32Z" finished-at="2015-11-21T21:18:35Z">
          <reporter-output>
          </reporter-output>
        </test-method> <!-- authenticationTest -->
        <test-method status="PASS" signature="closeBrowser()[pri:0, instance:selenium.AdminBrowserTest@82d64]" name="closeBrowser" is-config="true" duration-ms="9" started-at="2015-11-21T21:18:35Z" finished-at="2015-11-21T21:18:35Z">
          <reporter-output>
          </reporter-output>
        </test-method> <!-- closeBrowser -->
        <test-method status="PASS" signature="startBrowser()[pri:0, instance:selenium.AdminBrowserTest@82d64]" name="startBrowser" is-config="true" duration-ms="8327" started-at="2015-11-21T21:18:35Z" finished-at="2015-11-21T21:18:43Z">
          <reporter-output>
          </reporter-output>
        </test-method> <!-- startBrowser -->
        <test-method status="PASS" signature="newItemTest()[pri:0, instance:selenium.AdminBrowserTest@82d64]" name="newItemTest" duration-ms="4927" started-at="2015-11-21T21:18:43Z" finished-at="2015-11-21T21:18:48Z">
          <reporter-output>
          </reporter-output>
        </test-method> <!-- newItemTest -->
        <test-method status="PASS" signature="closeBrowser()[pri:0, instance:selenium.AdminBrowserTest@82d64]" name="closeBrowser" is-config="true" duration-ms="19" started-at="2015-11-21T21:18:48Z" finished-at="2015-11-21T21:18:48Z">
          <reporter-output>
          </reporter-output>
        </test-method> <!-- closeBrowser -->
      </class> <!-- selenium.AdminBrowserTest -->
    </test> <!-- Default test -->
  </suite> <!-- Default suite -->
</testng-results>
