<?xml version="1.0" encoding="UTF-8"?>
<testng-results skipped="0" failed="1" total="2" passed="1">
  <reporter-output>
  </reporter-output>
  <suite name="Default suite" duration-ms="30462" started-at="2015-12-01T15:52:24Z" finished-at="2015-12-01T15:52:54Z">
    <groups>
    </groups>
    <test name="Default test" duration-ms="30462" started-at="2015-12-01T15:52:24Z" finished-at="2015-12-01T15:52:54Z">
      <class name="selenium.NewTest">
        <test-method status="PASS" signature="startBrowser()[pri:0, instance:selenium.NewTest@12050f6]" name="startBrowser" is-config="true" duration-ms="11493" started-at="2015-12-01T16:52:24Z" finished-at="2015-12-01T16:52:35Z">
          <reporter-output>
          </reporter-output>
        </test-method> <!-- startBrowser -->
        <test-method status="PASS" signature="successfulRegistrationTest()[pri:0, instance:selenium.NewTest@12050f6]" name="successfulRegistrationTest" duration-ms="3089" started-at="2015-12-01T16:52:35Z" finished-at="2015-12-01T16:52:38Z">
          <reporter-output>
          </reporter-output>
        </test-method> <!-- successfulRegistrationTest -->
        <test-method status="PASS" signature="closeBrowser()[pri:0, instance:selenium.NewTest@12050f6]" name="closeBrowser" is-config="true" duration-ms="15" started-at="2015-12-01T16:52:38Z" finished-at="2015-12-01T16:52:38Z">
          <reporter-output>
          </reporter-output>
        </test-method> <!-- closeBrowser -->
        <test-method status="PASS" signature="startBrowser()[pri:0, instance:selenium.NewTest@12050f6]" name="startBrowser" is-config="true" duration-ms="12537" started-at="2015-12-01T16:52:38Z" finished-at="2015-12-01T16:52:51Z">
          <reporter-output>
          </reporter-output>
        </test-method> <!-- startBrowser -->
        <test-method status="FAIL" signature="unsuccessfulRegistrationTest()[pri:0, instance:selenium.NewTest@12050f6]" name="unsuccessfulRegistrationTest" duration-ms="3285" started-at="2015-12-01T16:52:51Z" depends-on-methods="selenium.NewTest.successfulRegistrationTest" finished-at="2015-12-01T16:52:54Z">
          <exception class="java.lang.AssertionError">
            <message>
              <![CDATA[expected:<http://localhost:8080/E-Commerce/register.html> but was:<http://localhost:8080/E-Commerce/index.jsp>]]>
            </message>
            <full-stacktrace>
              <![CDATA[java.lang.AssertionError: expected:<http://localhost:8080/E-Commerce/register.html> but was:<http://localhost:8080/E-Commerce/index.jsp>
	at org.testng.AssertJUnit.assertEquals(AssertJUnit.java:101)
	at org.testng.AssertJUnit.assertEquals(AssertJUnit.java:108)
	at selenium.NewTest.unsuccessfulRegistrationTest(NewTest.java:80)
	at sun.reflect.NativeMethodAccessorImpl.invoke0(Native Method)
	at sun.reflect.NativeMethodAccessorImpl.invoke(NativeMethodAccessorImpl.java:62)
	at sun.reflect.DelegatingMethodAccessorImpl.invoke(DelegatingMethodAccessorImpl.java:43)
	at java.lang.reflect.Method.invoke(Method.java:483)
	at org.testng.internal.MethodInvocationHelper.invokeMethod(MethodInvocationHelper.java:85)
	at org.testng.internal.Invoker.invokeMethod(Invoker.java:639)
	at org.testng.internal.Invoker.invokeTestMethod(Invoker.java:816)
	at org.testng.internal.Invoker.invokeTestMethods(Invoker.java:1124)
	at org.testng.internal.TestMethodWorker.invokeTestMethods(TestMethodWorker.java:125)
	at org.testng.internal.TestMethodWorker.run(TestMethodWorker.java:108)
	at org.testng.TestRunner.privateRun(TestRunner.java:774)
	at org.testng.TestRunner.run(TestRunner.java:624)
	at org.testng.SuiteRunner.runTest(SuiteRunner.java:359)
	at org.testng.SuiteRunner.runSequentially(SuiteRunner.java:354)
	at org.testng.SuiteRunner.privateRun(SuiteRunner.java:312)
	at org.testng.SuiteRunner.run(SuiteRunner.java:261)
	at org.testng.SuiteRunnerWorker.runSuite(SuiteRunnerWorker.java:52)
	at org.testng.SuiteRunnerWorker.run(SuiteRunnerWorker.java:86)
	at org.testng.TestNG.runSuitesSequentially(TestNG.java:1215)
	at org.testng.TestNG.runSuitesLocally(TestNG.java:1140)
	at org.testng.TestNG.run(TestNG.java:1048)
	at org.testng.remote.RemoteTestNG.run(RemoteTestNG.java:112)
	at org.testng.remote.RemoteTestNG.initAndRun(RemoteTestNG.java:205)
	at org.testng.remote.RemoteTestNG.main(RemoteTestNG.java:176)
]]>
            </full-stacktrace>
          </exception> <!-- java.lang.AssertionError -->
          <reporter-output>
          </reporter-output>
        </test-method> <!-- unsuccessfulRegistrationTest -->
        <test-method status="PASS" signature="closeBrowser()[pri:0, instance:selenium.NewTest@12050f6]" name="closeBrowser" is-config="true" duration-ms="10" started-at="2015-12-01T16:52:54Z" finished-at="2015-12-01T16:52:54Z">
          <reporter-output>
          </reporter-output>
        </test-method> <!-- closeBrowser -->
      </class> <!-- selenium.NewTest -->
    </test> <!-- Default test -->
  </suite> <!-- Default suite -->
</testng-results>
